0 info it worked if it ends with ok
1 verbose cli [ 'node', '/usr/local/bin/npm', 'install', 'firmataConnector' ]
2 info using npm@1.4.3
3 info using node@v0.10.26
4 warn package.json socket-chat-example@0.0.1 No repository field.
5 warn package.json socket-chat-example@0.0.1 No README data
6 verbose readDependencies using package.json deps
7 verbose cache add [ 'firmataConnector', null ]
8 verbose cache add name=undefined spec="firmataConnector" args=["firmataConnector",null]
9 verbose parsed url { protocol: null,
9 verbose parsed url   slashes: null,
9 verbose parsed url   auth: null,
9 verbose parsed url   host: null,
9 verbose parsed url   port: null,
9 verbose parsed url   hostname: null,
9 verbose parsed url   hash: null,
9 verbose parsed url   search: null,
9 verbose parsed url   query: null,
9 verbose parsed url   pathname: 'firmataConnector',
9 verbose parsed url   path: 'firmataConnector',
9 verbose parsed url   href: 'firmataConnector' }
10 silly lockFile ee90d6fd-firmataConnector firmataConnector
11 verbose lock firmataConnector /Users/taicheeweng/.npm/ee90d6fd-firmataConnector.lock
12 silly lockFile ee90d6fd-firmataConnector firmataConnector
13 silly lockFile ee90d6fd-firmataConnector firmataConnector
14 verbose addNamed [ 'firmataConnector', '' ]
15 verbose addNamed [ null, '*' ]
16 silly lockFile f6176466-firmataConnector firmataConnector@
17 verbose lock firmataConnector@ /Users/taicheeweng/.npm/f6176466-firmataConnector.lock
18 silly addNameRange { name: 'firmataConnector', range: '*', hasData: false }
19 verbose url raw firmataConnector
20 verbose url resolving [ 'https://registry.npmjs.org/', './firmataConnector' ]
21 verbose url resolved https://registry.npmjs.org/firmataConnector
22 info trying registry request attempt 1 at 14:57:21
23 http GET https://registry.npmjs.org/firmataConnector
24 http 404 https://registry.npmjs.org/firmataConnector
25 silly registry.get cb [ 404,
25 silly registry.get   { date: 'Wed, 10 Dec 2014 06:57:22 GMT',
25 silly registry.get     server: 'CouchDB/1.5.0 (Erlang OTP/R16B03)',
25 silly registry.get     'content-type': 'application/json',
25 silly registry.get     'cache-control': 'max-age=0',
25 silly registry.get     'content-length': '52',
25 silly registry.get     'accept-ranges': 'bytes',
25 silly registry.get     via: '1.1 varnish',
25 silly registry.get     'x-served-by': 'cache-ty66-TYO',
25 silly registry.get     'x-cache': 'MISS',
25 silly registry.get     'x-cache-hits': '0',
25 silly registry.get     'x-timer': 'S1418194642.349229,VS0,VE127',
25 silly registry.get     'keep-alive': 'timeout=10, max=50',
25 silly registry.get     connection: 'Keep-Alive' } ]
26 silly lockFile f6176466-firmataConnector firmataConnector@
27 silly lockFile f6176466-firmataConnector firmataConnector@
28 error 404 'firmataConnector' is not in the npm registry.
28 error 404 You should bug the author to publish it
28 error 404 It was specified as a dependency of 'socket-chat-example'
28 error 404
28 error 404 Note that you can also install from a
28 error 404 tarball, folder, or http url, or git url.
29 error System Darwin 14.0.0
30 error command "node" "/usr/local/bin/npm" "install" "firmataConnector"
31 error cwd /Users/taicheeweng/ws
32 error node -v v0.10.26
33 error npm -v 1.4.3
34 error code E404
35 verbose exit [ 1, true ]
